<2024-06-27 14:23:43.384609> (info) - Config has files: 2
<2024-06-27 14:23:43.385307> (info) - Using Logging Configuration: config/logging.debug_on.conf
<2024-06-27 14:23:43.385354> (info) - Using configurations: 
<2024-06-27 14:23:43.385364> (info) - config/received_point_example.json
<2024-06-27 14:23:43.385370> (info) - config/libs.base.simple.json
<2024-06-27 14:23:43.394095> (info) - Using operation manager: Simple
<2024-06-27 14:23:43.394463> (debug) - LibraryManager(46) - LibraryManager: contructor no args
<2024-06-27 14:23:43.394706> (debug) - LoadInternalLibrary(427) - LibraryMLoadInternalLibraryanager: entered
<2024-06-27 14:23:43.394726> (debug) - LoadInternalLibrary(431) - LibraryMLoadInternalLibraryanager: calling AddLibrary : internal.flint
<2024-06-27 14:23:43.394740> (debug) - AddLibrary(78) - AddLibrary: entered : internal.flint
<2024-06-27 14:23:43.394785> (debug) - LoadInternalLibrary(441) - LibraryMLoadInternalLibraryanager: calling registrations
<2024-06-27 14:23:43.394873> (debug) - getFlintModuleRegistrations(107) - getFlintModuleRegistrations: entered
<2024-06-27 14:23:43.394901> (debug) - getFlintModuleRegistrations(166) - getFlintModuleRegistrations: exit - 20
<2024-06-27 14:23:43.394940> (debug) - getFlintTransformRegistrations(171) - getFlintTransformRegistrations: entered
<2024-06-27 14:23:43.394982> (debug) - getFlintTransformRegistrations(194) - getFlintTransformRegistrations: exit - 9
<2024-06-27 14:23:43.395011> (debug) - getFlintFlintDataRegistrations(199) - getFlintFlintDataRegistrations: entered
<2024-06-27 14:23:43.395053> (debug) - getFlintFlintDataRegistrations(219) - getFlintFlintDataRegistrations: exit - 8
<2024-06-27 14:23:43.395137> (debug) - getFlintFlintDataFactoryRegistrations(224) - getFlintFlintDataFactoryRegistrations: entered
<2024-06-27 14:23:43.395183> (debug) - getFlintFlintDataFactoryRegistrations(230) - getFlintFlintDataFactoryRegistrations: exit - 1
<2024-06-27 14:23:43.395206> (debug) - getProviderRegistrations(235) - getProviderRegistrations: entered
<2024-06-27 14:23:43.395248> (debug) - getProviderRegistrations(250) - getProviderRegistrations: exit - 2
<2024-06-27 14:23:43.395295> (debug) - RegisterProviders(407) - RegisterProviders: entered : internal.flint : count 2
<2024-06-27 14:23:43.395314> (debug) - RegisterProviders(411) - RegisterProviders: loop: 0
<2024-06-27 14:23:43.395327> (debug) - RegisterProviders(416) - RegisterProviders: loop: internal.flint : RasterTiled
<2024-06-27 14:23:43.395338> (debug) - RegisterProviders(411) - RegisterProviders: loop: 1
<2024-06-27 14:23:43.395350> (debug) - RegisterProviders(416) - RegisterProviders: loop: internal.flint : SQLite
<2024-06-27 14:23:43.395392> (debug) - getProviderRegistrations(235) - getProviderRegistrations: entered
<2024-06-27 14:23:43.395433> (debug) - getProviderRegistrations(250) - getProviderRegistrations: exit - 2
<2024-06-27 14:23:43.395450> (debug) - RegisterProviders(407) - RegisterProviders: entered : internal.flint : count 2
<2024-06-27 14:23:43.395461> (debug) - RegisterProviders(411) - RegisterProviders: loop: 0
<2024-06-27 14:23:43.395473> (debug) - RegisterProviders(416) - RegisterProviders: loop: internal.flint : RasterTiled
<2024-06-27 14:23:43.395485> (debug) - RegisterProviders(411) - RegisterProviders: loop: 1
<2024-06-27 14:23:43.395496> (debug) - RegisterProviders(416) - RegisterProviders: loop: internal.flint : SQLite
<2024-06-27 14:23:43.395587> (debug) - AddLibrary(78) - AddLibrary: entered : moja.flint.example.base
<2024-06-27 14:23:43.397028> (debug) - RegisterProviders(407) - RegisterProviders: entered : moja.flint.example.base : count 0
<2024-06-27 14:23:43.397457> (info) - modules loaded: 
<2024-06-27 14:23:43.397510> (info) - 	library: internal.flint, module name: CalendarSequencer
<2024-06-27 14:23:43.397521> (info) - 	library: internal.flint, module name: OutputerStream
<2024-06-27 14:23:43.397527> (info) - 	library: internal.flint, module name: OutputerStreamFlux
<2024-06-27 14:23:43.397532> (info) - 	library: internal.flint, module name: TestModule1
<2024-06-27 14:23:43.397538> (info) - 	library: internal.flint, module name: TestModule2
<2024-06-27 14:23:43.397576> (info) - 	library: internal.flint, module name: TestModule3
<2024-06-27 14:23:43.397616> (info) - 	library: internal.flint, module name: TransactionManagerEndOfStepModule
<2024-06-27 14:23:43.397628> (info) - 	library: moja.flint.example.base, module name: ErrorScreenWriter
<2024-06-27 14:23:43.397643> (info) - Operation manager: Simple, Version: 1.0, Config: (Kahan[OFF], ZeroTransfers[OFF], AllowNegativeTransfers[ON], WarnNegativeTransfers[OFF])
